<?xml version="1.0" encoding="UTF-8"?>
<!-- Generated by org.testng.reporters.JUnitReportReporter -->
<testsuite skipped="0" hostname="Kriti-Bikash" name="qaclickacademy.MavenJava.AppiumTest" tests="2" failures="0" timestamp="09 Jun 2020 16:42:09 GMT" time="0.023" errors="0">
  <testcase name="test1" time="0.021" classname="qaclickacademy.MavenJava.AppiumTest"/>
  <testcase name="test2" time="0.002" classname="qaclickacademy.MavenJava.AppiumTest"/>
</testsuite> <!-- qaclickacademy.MavenJava.AppiumTest -->
