<?xml version="1.0" encoding="UTF-8"?>
<!-- Generated by org.testng.reporters.JUnitReportReporter -->
<testsuite skipped="0" hostname="Kriti-Bikash" name="qaclickacademy.MavenJava.SeleniumTest" tests="2" failures="0" timestamp="09 Jun 2020 16:42:09 GMT" time="0.004" errors="0">
  <testcase name="test6" time="0.002" classname="qaclickacademy.MavenJava.SeleniumTest"/>
  <testcase name="test5" time="0.002" classname="qaclickacademy.MavenJava.SeleniumTest"/>
</testsuite> <!-- qaclickacademy.MavenJava.SeleniumTest -->
