<?xml version="1.0" encoding="UTF-8"?>
<!-- Generated by org.testng.reporters.JUnitReportReporter -->
<testsuite skipped="0" hostname="Kriti-Bikash" name="qaclickacademy.MavenJava.RESTAPITest" tests="2" failures="0" timestamp="09 Jun 2020 16:42:09 GMT" time="0.006" errors="0">
  <testcase name="test3" time="0.004" classname="qaclickacademy.MavenJava.RESTAPITest"/>
  <testcase name="test4" time="0.002" classname="qaclickacademy.MavenJava.RESTAPITest"/>
</testsuite> <!-- qaclickacademy.MavenJava.RESTAPITest -->
