<?xml version="1.0" encoding="UTF-8"?>
<!-- Generated by org.testng.reporters.JUnitReportReporter -->
<testsuite skipped="0" hostname="Kriti-Bikash" name="qaclickacademy.MavenJava.AppiumTest" tests="2" failures="0" timestamp="2020-06-09T12:51:23 EDT" time="0.012" errors="0">
  <testcase name="test1" time="0.010" classname="qaclickacademy.MavenJava.AppiumTest"/>
  <system-out/>
  <testcase name="test2" time="0.002" classname="qaclickacademy.MavenJava.AppiumTest"/>
  <system-out/>
</testsuite> <!-- qaclickacademy.MavenJava.AppiumTest -->
