<?xml version="1.0" encoding="UTF-8"?>
<!-- Generated by org.testng.reporters.JUnitReportReporter -->
<testsuite skipped="0" hostname="Kriti-Bikash" name="qaclickacademy.MavenJava.RESTAPITest" tests="2" failures="0" timestamp="2020-06-09T12:51:23 EDT" time="0.002" errors="0">
  <testcase name="test3" time="0.001" classname="qaclickacademy.MavenJava.RESTAPITest"/>
  <system-out/>
  <testcase name="test4" time="0.001" classname="qaclickacademy.MavenJava.RESTAPITest"/>
  <system-out/>
</testsuite> <!-- qaclickacademy.MavenJava.RESTAPITest -->
