<?xml version="1.0" encoding="UTF-8"?>
<!-- Generated by org.testng.reporters.JUnitReportReporter -->
<testsuite skipped="0" hostname="Kriti-Bikash" name="qaclickacademy.MavenJava.SeleniumTest" tests="2" failures="0" timestamp="2020-06-09T12:51:23 EDT" time="0.002" errors="0">
  <testcase name="test5" time="0.001" classname="qaclickacademy.MavenJava.SeleniumTest"/>
  <system-out/>
  <testcase name="test6" time="0.001" classname="qaclickacademy.MavenJava.SeleniumTest"/>
  <system-out/>
</testsuite> <!-- qaclickacademy.MavenJava.SeleniumTest -->
